<?xml version="1.0" encoding="UTF-8"?>
<!-- Generated by org.testng.reporters.JUnitReportReporter -->
<testsuite skipped="0" hostname="LokeshC2-BLD" name="com.tests.FlightTest" tests="3" failures="0" timestamp="2020-05-04T13:16:01 IST" time="67.309" errors="0">
  <testcase name="registerToApp" time="51.139" classname="com.tests.FlightTest"/>
  <system-out/>
  <testcase name="fillTheDetailsInTheApp" time="14.009" classname="com.tests.FlightTest"/>
  <system-out/>
  <testcase name="verifySignOff" time="2.161" classname="com.tests.FlightTest"/>
  <system-out/>
</testsuite> <!-- com.tests.FlightTest -->
