<?xml version="1.0" encoding="UTF-8"?>
<!-- Generated by org.testng.reporters.JUnitReportReporter -->
<testsuite skipped="0" hostname="LokeshC2-BLD" name="com.tests.FlightTest" tests="6" failures="0" timestamp="2020-05-14T11:18:59 IST" time="61.809" errors="0">
  <testcase name="registerToApp" time="18.820" classname="com.tests.FlightTest"/>
  <system-out/>
  <testcase name="registerToApp" time="18.664" classname="com.tests.FlightTest"/>
  <system-out/>
  <testcase name="fillTheDetailsInTheApp" time="10.427" classname="com.tests.FlightTest"/>
  <system-out/>
  <testcase name="fillTheDetailsInTheApp" time="10.289" classname="com.tests.FlightTest"/>
  <system-out/>
  <testcase name="verifySignOff" time="1.207" classname="com.tests.FlightTest"/>
  <system-out/>
  <testcase name="verifySignOff" time="2.402" classname="com.tests.FlightTest"/>
  <system-out/>
</testsuite> <!-- com.tests.FlightTest -->
