<?xml version="1.0" encoding="UTF-8"?>
<!-- Generated by org.testng.reporters.JUnitReportReporter -->
<testsuite skipped="0" hostname="LokeshC2-BLD" name="com.tests.FirstTest" tests="1" failures="0" timestamp="2020-05-04T13:16:01 IST" time="20.056" errors="0">
  <testcase name="googleTest" time="20.056" classname="com.tests.FirstTest"/>
  <system-out/>
</testsuite> <!-- com.tests.FirstTest -->
