<?xml version="1.0" encoding="UTF-8"?>
<!-- Generated by org.testng.reporters.JUnitReportReporter -->
<testsuite skipped="0" hostname="LokeshC2-BLD" name="com.tests.SecondTest" tests="1" failures="0" timestamp="2020-05-04T13:16:01 IST" time="37.949" errors="0">
  <testcase name="yahooTest" time="37.949" classname="com.tests.SecondTest"/>
  <system-out/>
</testsuite> <!-- com.tests.SecondTest -->
