<?xml version="1.0" encoding="UTF-8"?>
<!-- Generated by org.testng.reporters.JUnitReportReporter -->
<testsuite skipped="0" hostname="LokeshC2-BLD" name="com.tests.SecondTest" tests="1" failures="0" timestamp="2020-05-04T17:33:59 IST" time="29.009" errors="0">
  <testcase name="yahooTest" time="29.009" classname="com.tests.SecondTest"/>
  <system-out/>
</testsuite> <!-- com.tests.SecondTest -->
