<?xml version="1.0" encoding="UTF-8"?>
<!-- Generated by org.testng.reporters.JUnitReportReporter -->
<testsuite skipped="0" hostname="LokeshC2-BLD" name="com.tests.FirstTest" tests="1" failures="0" timestamp="2020-05-04T17:33:59 IST" time="23.589" errors="0">
  <testcase name="googleTest" time="23.589" classname="com.tests.FirstTest"/>
  <system-out/>
</testsuite> <!-- com.tests.FirstTest -->
