<?xml version="1.0" encoding="UTF-8"?>
<!-- Generated by org.testng.reporters.JUnitReportReporter -->
<testsuite skipped="0" hostname="LokeshC2-BLD" name="com.tests.FirstTest" tests="1" failures="0" timestamp="2020-05-08T17:33:02 IST" time="9.254" errors="0">
  <testcase name="googleTest" time="9.254" classname="com.tests.FirstTest"/>
  <system-out/>
</testsuite> <!-- com.tests.FirstTest -->
