<?xml version="1.0" encoding="UTF-8"?>
<!-- Generated by org.testng.reporters.JUnitReportReporter -->
<testsuite skipped="0" hostname="LokeshC2-BLD" name="com.tests.FlightTest" tests="6" failures="0" timestamp="2020-05-08T17:33:02 IST" time="587.883" errors="0">
  <testcase name="registerToApp" time="224.901" classname="com.tests.FlightTest"/>
  <system-out/>
  <testcase name="registerToApp" time="224.468" classname="com.tests.FlightTest"/>
  <system-out/>
  <testcase name="fillTheDetailsInTheApp" time="56.570" classname="com.tests.FlightTest"/>
  <system-out/>
  <testcase name="fillTheDetailsInTheApp" time="55.108" classname="com.tests.FlightTest"/>
  <system-out/>
  <testcase name="verifySignOff" time="12.926" classname="com.tests.FlightTest"/>
  <system-out/>
  <testcase name="verifySignOff" time="13.910" classname="com.tests.FlightTest"/>
  <system-out/>
</testsuite> <!-- com.tests.FlightTest -->
