<?xml version="1.0" encoding="UTF-8"?>
<!-- Generated by org.testng.reporters.JUnitReportReporter -->
<testsuite skipped="0" hostname="LokeshC2-BLD" name="com.tests.FlightTest" tests="6" failures="0" timestamp="2020-05-05T16:40:19 IST" time="144.253" errors="0">
  <testcase name="registerToApp" time="56.443" classname="com.tests.FlightTest"/>
  <system-out/>
  <testcase name="registerToApp" time="39.321" classname="com.tests.FlightTest"/>
  <system-out/>
  <testcase name="fillTheDetailsInTheApp" time="17.056" classname="com.tests.FlightTest"/>
  <system-out/>
  <testcase name="fillTheDetailsInTheApp" time="22.831" classname="com.tests.FlightTest"/>
  <system-out/>
  <testcase name="verifySignOff" time="1.842" classname="com.tests.FlightTest"/>
  <system-out/>
  <testcase name="verifySignOff" time="6.760" classname="com.tests.FlightTest"/>
  <system-out/>
</testsuite> <!-- com.tests.FlightTest -->
