<?xml version="1.0" encoding="UTF-8"?>
<!-- Generated by org.testng.reporters.JUnitReportReporter -->
<testsuite skipped="0" hostname="LokeshC2-BLD" name="com.tests.FlightTest" tests="3" failures="0" timestamp="2020-05-04T17:33:59 IST" time="44.015" errors="0">
  <testcase name="registerToApp" time="21.800" classname="com.tests.FlightTest"/>
  <system-out/>
  <testcase name="fillTheDetailsInTheApp" time="18.634" classname="com.tests.FlightTest"/>
  <system-out/>
  <testcase name="verifySignOff" time="3.581" classname="com.tests.FlightTest"/>
  <system-out/>
</testsuite> <!-- com.tests.FlightTest -->
